<?xml version="1.0" encoding="UTF-8"?>
<testng-results ignored="0" total="2" passed="2" failed="0" skipped="0">
  <reporter-output>
  </reporter-output>
  <suite started-at="2019-06-18T05:46:57Z" name="Default suite" finished-at="2019-06-18T05:47:01Z" duration-ms="4092">
    <groups>
    </groups>
    <test started-at="2019-06-18T05:46:57Z" name="Default test" finished-at="2019-06-18T05:47:01Z" duration-ms="4092">
      <class name="RestAssured.restAssuredStaticImport">
        <test-method signature="validateBody()[pri:0, instance:RestAssured.restAssuredStaticImport@3d299e3]" started-at="2019-06-18T05:46:57Z" name="validateBody" finished-at="2019-06-18T05:47:01Z" duration-ms="3458" status="PASS">
          <reporter-output>
          </reporter-output>
        </test-method> <!-- validateBody -->
        <test-method signature="validateResponseCode()[pri:0, instance:RestAssured.restAssuredStaticImport@3d299e3]" started-at="2019-06-18T05:47:01Z" name="validateResponseCode" finished-at="2019-06-18T05:47:01Z" duration-ms="588" status="PASS">
          <reporter-output>
          </reporter-output>
        </test-method> <!-- validateResponseCode -->
      </class> <!-- RestAssured.restAssuredStaticImport -->
    </test> <!-- Default test -->
  </suite> <!-- Default suite -->
</testng-results>
